Removed Pin From Net: NetName=+3V3 Pin=C1-1
Removed Pin From Net: NetName=+3V3 Pin=C2-1
Removed Pin From Net: NetName=+5 Pin=C6-2
Removed Pin From Net: NetName=GND Pin=DD1-7
Removed Pin From Net: NetName=+3V3 Pin=DD1-14
Removed Pin From Net: NetName=+3V3 Pin=DD2-5
Removed Pin From Net: NetName=GND Pin=DD3-8
Removed Pin From Net: NetName=GND Pin=DD3-13
Removed Pin From Net: NetName=+3V3 Pin=DD3-16
Removed Pin From Net: NetName=+5 Pin=DD5-5
Removed Pin From Net: NetName=+5 Pin=DD6-5
Removed Pin From Net: NetName=+5 Pin=HG3-9
Removed Pin From Net: NetName=+5 Pin=HG4-9
Removed Pin From Net: NetName=+3V3 Pin=R2-2
Removed Pin From Net: NetName=GND Pin=R4-1
Removed Pin From Net: NetName=GND Pin=R8-1
Removed Pin From Net: NetName=GND Pin=R11-1
Removed Pin From Net: NetName=GND Pin=R15-1
Removed Pin From Net: NetName=GND Pin=R18-1
Removed Pin From Net: NetName=+5 Pin=R24-2
Removed Pin From Net: NetName=+5 Pin=VD1-1
Removed Pin From Net: NetName=GND Pin=VT1-2
Removed Pin From Net: NetName=GND Pin=VT3-2
Removed Pin From Net: NetName=GND Pin=VT5-2
Removed Pin From Net: NetName=GND Pin=VT7-2
Removed Pin From Net: NetName=GND Pin=VT9-2
Removed Pin From Net: NetName=GND Pin=XS1-3
Removed Pin From Net: NetName=+3V3 Pin=XS1-5
Removed Pin From Net: NetName=+5 Pin=XS5-1
Removed Pin From Net: NetName=+5 Pin=XS6-1
Removed Pin From Net: NetName=+5 Pin=XS8-1
Change Net Name : Old Net Name=+5 New Net Name=+5_D
Added Pin To Net: NetName=+3V3_D Pin=C1-1
Added Pin To Net: NetName=+3V3_D Pin=C2-1
Added Pin To Net: NetName=+3V3_D Pin=DD1-14
Added Pin To Net: NetName=+3V3_D Pin=DD2-5
Added Pin To Net: NetName=+3V3_D Pin=DD3-16
Added Pin To Net: NetName=+3V3_D Pin=R2-2
Added Pin To Net: NetName=+3V3_D Pin=XS1-5
Added Net: Name=+3V3_D
Added Pin To Net: NetName=+5 Pin=C6-2
Added Pin To Net: NetName=+5 Pin=DD5-5
Added Pin To Net: NetName=+5 Pin=DD6-5
Added Pin To Net: NetName=+5 Pin=HG3-9
Added Pin To Net: NetName=+5 Pin=HG4-9
Added Pin To Net: NetName=+5 Pin=R24-2
Added Pin To Net: NetName=+5 Pin=VD1-1
Added Pin To Net: NetName=+5 Pin=XS5-1
Added Pin To Net: NetName=+5 Pin=XS6-1
Added Pin To Net: NetName=+5 Pin=XS8-1
Added Net: Name=+5
Added Pin To Net: NetName=GND_D Pin=DD1-7
Added Pin To Net: NetName=GND_D Pin=DD3-8
Added Pin To Net: NetName=GND_D Pin=DD3-13
Added Pin To Net: NetName=GND_D Pin=R4-1
Added Pin To Net: NetName=GND_D Pin=R8-1
Added Pin To Net: NetName=GND_D Pin=R11-1
Added Pin To Net: NetName=GND_D Pin=R15-1
Added Pin To Net: NetName=GND_D Pin=R18-1
Added Pin To Net: NetName=GND_D Pin=VT1-2
Added Pin To Net: NetName=GND_D Pin=VT3-2
Added Pin To Net: NetName=GND_D Pin=VT5-2
Added Pin To Net: NetName=GND_D Pin=VT7-2
Added Pin To Net: NetName=GND_D Pin=VT9-2
Added Pin To Net: NetName=GND_D Pin=XS1-3
Added Net: Name=GND_D
Added Room: Name=Display_driver
Added Room: Name=Supply_core
