Added Component: Designator=C1(CHIP-0805)
Add component (AddParameter): Name = "Value"; Value = "1n"; VariantName = "[No Variations]"
Added Component: Designator=C2(CHIP-0805)
Add component (AddParameter): Name = "Value"; Value = "10n"; VariantName = "[No Variations]"
Added Component: Designator=C3(CHIP-0805)
Add component (AddParameter): Name = "Value"; Value = "22u"; VariantName = "[No Variations]"
Added Component: Designator=C4(CHIP-0603)
Add component (AddParameter): Name = "Value"; Value = "1u"; VariantName = "[No Variations]"
Added Component: Designator=C5(CHIP-0603)
Add component (AddParameter): Name = "Value"; Value = "1u"; VariantName = "[No Variations]"
Added Component: Designator=C6(CHIP-0805)
Add component (AddParameter): Name = "Value"; Value = "22u"; VariantName = "[No Variations]"
Added Component: Designator=C7(CHIP-0805)
Add component (AddParameter): Name = "Value"; Value = "10n"; VariantName = "[No Variations]"
Added Component: Designator=DA1(SOT23-5)
Add component (AddParameter): Name = "Name"; Value = "LTC4054"; VariantName = "[No Variations]"
Added Component: Designator=DA2(SOT23-6)
Add component (AddParameter): Name = "Name"; Value = "SX1308"; VariantName = "[No Variations]"
Added Component: Designator=DA3(SOT23-3)
Add component (AddParameter): Name = "Name"; Value = "XC6206"; VariantName = "[No Variations]"
Added Component: Designator=DD1(SOIC-14)
Add component (AddParameter): Name = "Name"; Value = "CD4024"; VariantName = "[No Variations]"
Added Component: Designator=DD2(SOT23-6)
Added Component: Designator=DD3(SOIC-16)
Add component (AddParameter): Name = "Name"; Value = "CD4017"; VariantName = "[No Variations]"
Added Component: Designator=DD4(SOIC-8)
Add component (AddParameter): Name = "Manufacturer"; Value = "Maxim"; VariantName = "[No Variations]"
Add component (AddParameter): Name = "Name"; Value = "DS1337"; VariantName = "[No Variations]"
Added Component: Designator=DD5(SOT23-5)
Added Component: Designator=DD6(SOT23-5)
Added Component: Designator=DD7(SOIC-8-ATtiny85)
Add component (AddParameter): Name = "Name"; Value = "ATtiny85"; VariantName = "[No Variations]"
Added Component: Designator=DD8(SOIC-16)
Add component (AddParameter): Name = "Name"; Value = "CD4053"; VariantName = "[No Variations]"
Added Component: Designator=DD9(SOIC-16)
Add component (AddParameter): Name = "Name"; Value = "CD4053"; VariantName = "[No Variations]"
Added Component: Designator=G1(BATTERY)
Added Component: Designator=HG1(HDSP-2000_COL)
Add component (AddParameter): Name = "Manufacturer"; Value = "HP"; VariantName = "[No Variations]"
Add component (AddParameter): Name = "Name"; Value = "HDSP-2000"; VariantName = "[No Variations]"
Added Component: Designator=HG2(HDSP-2000_COL)
Add component (AddParameter): Name = "Manufacturer"; Value = "HP"; VariantName = "[No Variations]"
Add component (AddParameter): Name = "Name"; Value = "HDSP-2000"; VariantName = "[No Variations]"
Added Component: Designator=HG3(HDSP-2000_SPI)
Add component (AddParameter): Name = "Manufacturer"; Value = "HP"; VariantName = "[No Variations]"
Add component (AddParameter): Name = "Name"; Value = "HDSP-2000"; VariantName = "[No Variations]"
Added Component: Designator=HG4(HDSP-2000_SPI)
Add component (AddParameter): Name = "Manufacturer"; Value = "HP"; VariantName = "[No Variations]"
Add component (AddParameter): Name = "Name"; Value = "HDSP-2000"; VariantName = "[No Variations]"
Added Component: Designator=HL1(LED_1)
Add component (AddParameter): Name = "Name"; Value = "LED"; VariantName = "[No Variations]"
Added Component: Designator=JP1(JAMPER)
Added Component: Designator=L1(L_SMD)
Add component (AddParameter): Name = "Value"; Value = ""; VariantName = "[No Variations]"
Added Component: Designator=R1(CHIP-0805)
Add component (AddParameter): Name = "Value"; Value = "68k"; VariantName = "[No Variations]"
Added Component: Designator=R2(CHIP-0805)
Add component (AddParameter): Name = "Value"; Value = "8.2k"; VariantName = "[No Variations]"
Added Component: Designator=R3(CHIP-0805)
Add component (AddParameter): Name = "Value"; Value = "4k7"; VariantName = "[No Variations]"
Added Component: Designator=R4(CHIP-0805)
Add component (AddParameter): Name = "Value"; Value = "4k7"; VariantName = "[No Variations]"
Added Component: Designator=R5(CHIP-0805)
Add component (AddParameter): Name = "Value"; Value = "100k"; VariantName = "[No Variations]"
Added Component: Designator=R6(CHIP-0805)
Add component (AddParameter): Name = "Value"; Value = "68k"; VariantName = "[No Variations]"
Added Component: Designator=R7(CHIP-0805)
Add component (AddParameter): Name = "Value"; Value = "4k7"; VariantName = "[No Variations]"
Added Component: Designator=R8(CHIP-0805)
Add component (AddParameter): Name = "Value"; Value = "4k7"; VariantName = "[No Variations]"
Added Component: Designator=R9(CHIP-0805)
Add component (AddParameter): Name = "Value"; Value = "68k"; VariantName = "[No Variations]"
Added Component: Designator=R10(CHIP-0805)
Add component (AddParameter): Name = "Value"; Value = "4k7"; VariantName = "[No Variations]"
Added Component: Designator=R11(CHIP-0805)
Add component (AddParameter): Name = "Value"; Value = "4k7"; VariantName = "[No Variations]"
Added Component: Designator=R12(CHIP-0805)
Add component (AddParameter): Name = "Value"; Value = "75k"; VariantName = "[No Variations]"
Added Component: Designator=R13(CHIP-0805)
Add component (AddParameter): Name = "Value"; Value = "68k"; VariantName = "[No Variations]"
Added Component: Designator=R14(CHIP-0805)
Add component (AddParameter): Name = "Value"; Value = "4k7"; VariantName = "[No Variations]"
Added Component: Designator=R15(CHIP-0805)
Add component (AddParameter): Name = "Value"; Value = "4k7"; VariantName = "[No Variations]"
Added Component: Designator=R16(CHIP-0805)
Add component (AddParameter): Name = "Value"; Value = "68k"; VariantName = "[No Variations]"
Added Component: Designator=R17(CHIP-0805)
Add component (AddParameter): Name = "Value"; Value = "4k7"; VariantName = "[No Variations]"
Added Component: Designator=R18(CHIP-0805)
Add component (AddParameter): Name = "Value"; Value = "4k7"; VariantName = "[No Variations]"
Added Component: Designator=R19(CHIP-0805)
Add component (AddParameter): Name = "Value"; Value = "5,1k"; VariantName = "[No Variations]"
Added Component: Designator=R20(CHIP-0805)
Add component (AddParameter): Name = "Value"; Value = "47k"; VariantName = "[No Variations]"
Added Component: Designator=R21(CHIP-0805)
Add component (AddParameter): Name = "Value"; Value = "220R"; VariantName = "[No Variations]"
Added Component: Designator=R22(CHIP-0805)
Add component (AddParameter): Name = "Value"; Value = "470R"; VariantName = "[No Variations]"
Added Component: Designator=R23(CHIP-0805)
Add component (AddParameter): Name = "Value"; Value = "47k"; VariantName = "[No Variations]"
Added Component: Designator=R24(CHIP-0805)
Add component (AddParameter): Name = "Value"; Value = "15k"; VariantName = "[No Variations]"
Added Component: Designator=R25(CHIP-0805)
Add component (AddParameter): Name = "Value"; Value = "2k"; VariantName = "[No Variations]"
Added Component: Designator=R26(CHIP-0402)
Add component (AddParameter): Name = "Value"; Value = "10k"; VariantName = "[No Variations]"
Added Component: Designator=R27(CHIP-0402)
Add component (AddParameter): Name = "Value"; Value = "51k"; VariantName = "[No Variations]"
Added Component: Designator=R28(CHIP-0402)
Add component (AddParameter): Name = "Value"; Value = "4,7k"; VariantName = "[No Variations]"
Added Component: Designator=R29(CHIP-0402)
Add component (AddParameter): Name = "Value"; Value = "4,7k"; VariantName = "[No Variations]"
Added Component: Designator=R30(CHIP-0402)
Add component (AddParameter): Name = "Value"; Value = "20k"; VariantName = "[No Variations]"
Added Component: Designator=R31(CHIP-0402)
Add component (AddParameter): Name = "Value"; Value = "20k"; VariantName = "[No Variations]"
Added Component: Designator=R32(CHIP-0402)
Add component (AddParameter): Name = "Value"; Value = "10k"; VariantName = "[No Variations]"
Added Component: Designator=SW1(BUTTON)
Added Component: Designator=SW2(BUTTON)
Added Component: Designator=SW3(SWITCH)
Added Component: Designator=VD1(DIOD)
Add component (AddParameter): Name = "Name"; Value = "SS34"; VariantName = "[No Variations]"
Added Component: Designator=VD2(DIOD)
Add component (AddParameter): Name = "Name"; Value = "BAS85"; VariantName = "[No Variations]"
Added Component: Designator=VT1(SOT23-3)
Add component (AddParameter): Name = "Name"; Value = "2N7000"; VariantName = "[No Variations]"
Added Component: Designator=VT2(SOT23-3)
Add component (AddParameter): Name = "Name"; Value = "BC808"; VariantName = "[No Variations]"
Added Component: Designator=VT3(SOT23-3)
Add component (AddParameter): Name = "Name"; Value = "2N7000"; VariantName = "[No Variations]"
Added Component: Designator=VT4(SOT23-3)
Add component (AddParameter): Name = "Name"; Value = "BC808"; VariantName = "[No Variations]"
Added Component: Designator=VT5(SOT23-3)
Add component (AddParameter): Name = "Name"; Value = "2N7000"; VariantName = "[No Variations]"
Added Component: Designator=VT6(SOT23-3)
Add component (AddParameter): Name = "Name"; Value = "BC808"; VariantName = "[No Variations]"
Added Component: Designator=VT7(SOT23-3)
Add component (AddParameter): Name = "Name"; Value = "2N7000"; VariantName = "[No Variations]"
Added Component: Designator=VT8(SOT23-3)
Add component (AddParameter): Name = "Name"; Value = "BC808"; VariantName = "[No Variations]"
Added Component: Designator=VT9(SOT23-3)
Add component (AddParameter): Name = "Name"; Value = "2N7000"; VariantName = "[No Variations]"
Added Component: Designator=VT10(SOT23-3)
Add component (AddParameter): Name = "Name"; Value = "BC808"; VariantName = "[No Variations]"
Added Component: Designator=VT11(SOT23-3)
Add component (AddParameter): Name = "Name"; Value = "AO3401"; VariantName = "[No Variations]"
Added Component: Designator=XS1(SOCKET)
Add component (AddParameter): Name = "Pin1"; Value = "5V"; VariantName = "[No Variations]"
Add component (AddParameter): Name = "Pin2"; Value = "3V3"; VariantName = "[No Variations]"
Add component (AddParameter): Name = "Pin3"; Value = "PWM"; VariantName = "[No Variations]"
Add component (AddParameter): Name = "Pin4"; Value = "GND"; VariantName = "[No Variations]"
Add component (AddParameter): Name = "Pin5"; Value = "CLK"; VariantName = "[No Variations]"
Added Component: Designator=XS2(SOCKET)
Add component (AddParameter): Name = "Pin1"; Value = "Col1"; VariantName = "[No Variations]"
Add component (AddParameter): Name = "Pin2"; Value = "Col2"; VariantName = "[No Variations]"
Add component (AddParameter): Name = "Pin3"; Value = "Col3"; VariantName = "[No Variations]"
Add component (AddParameter): Name = "Pin4"; Value = "Col4"; VariantName = "[No Variations]"
Add component (AddParameter): Name = "Pin5"; Value = "Col5"; VariantName = "[No Variations]"
Added Component: Designator=XS3(Micro_USB)
Added Component: Designator=XS4(SOCKET)
Add component (AddParameter): Name = "Pin1"; Value = "Col1"; VariantName = "[No Variations]"
Add component (AddParameter): Name = "Pin2"; Value = "Col2"; VariantName = "[No Variations]"
Add component (AddParameter): Name = "Pin3"; Value = "Col3"; VariantName = "[No Variations]"
Add component (AddParameter): Name = "Pin4"; Value = "Col4"; VariantName = "[No Variations]"
Add component (AddParameter): Name = "Pin5"; Value = "Col5"; VariantName = "[No Variations]"
Added Component: Designator=XS5(SOCKET)
Add component (AddParameter): Name = "Pin1"; Value = "5V"; VariantName = "[No Variations]"
Add component (AddParameter): Name = "Pin2"; Value = "3V3"; VariantName = "[No Variations]"
Add component (AddParameter): Name = "Pin3"; Value = "PWM"; VariantName = "[No Variations]"
Add component (AddParameter): Name = "Pin4"; Value = "GND"; VariantName = "[No Variations]"
Add component (AddParameter): Name = "Pin5"; Value = "CLK"; VariantName = "[No Variations]"
Added Component: Designator=XS6(SOCKET_7)
Add component (AddParameter): Name = "Pin1"; Value = "5V"; VariantName = "[No Variations]"
Add component (AddParameter): Name = "Pin2"; Value = "3V3"; VariantName = "[No Variations]"
Add component (AddParameter): Name = "Pin3"; Value = "BAT"; VariantName = "[No Variations]"
Add component (AddParameter): Name = "Pin4"; Value = "PWM"; VariantName = "[No Variations]"
Add component (AddParameter): Name = "Pin5"; Value = "GND"; VariantName = "[No Variations]"
Add component (AddParameter): Name = "Pin6"; Value = "CLK"; VariantName = "[No Variations]"
Add component (AddParameter): Name = "Pin7"; Value = "GATE"; VariantName = "[No Variations]"
Added Component: Designator=XS7(Prog_connector)
Added Component: Designator=XS8(SOCKET_7)
Add component (AddParameter): Name = "Pin1"; Value = "5V"; VariantName = "[No Variations]"
Add component (AddParameter): Name = "Pin2"; Value = "3V3"; VariantName = "[No Variations]"
Add component (AddParameter): Name = "Pin3"; Value = "BAT"; VariantName = "[No Variations]"
Add component (AddParameter): Name = "Pin4"; Value = "PWM"; VariantName = "[No Variations]"
Add component (AddParameter): Name = "Pin5"; Value = "GND"; VariantName = "[No Variations]"
Add component (AddParameter): Name = "Pin6"; Value = "CLK"; VariantName = "[No Variations]"
Add component (AddParameter): Name = "Pin7"; Value = "GATE"; VariantName = "[No Variations]"
Added Component: Designator=XS9(PIN)
Add component (AddParameter): Name = "Name"; Value = "CLK"; VariantName = "[No Variations]"
Added Component: Designator=ZQ1(HZ)
Added Pin To Net: NetName=+3V3 Pin=C1-1
Added Pin To Net: NetName=+3V3 Pin=C2-1
Added Pin To Net: NetName=+3V3 Pin=C5-2
Added Pin To Net: NetName=+3V3 Pin=DA3-2
Added Pin To Net: NetName=+3V3 Pin=DD1-14
Added Pin To Net: NetName=+3V3 Pin=DD2-5
Added Pin To Net: NetName=+3V3 Pin=DD3-16
Added Pin To Net: NetName=+3V3 Pin=DD4-8
Added Pin To Net: NetName=+3V3 Pin=DD7-8
Added Pin To Net: NetName=+3V3 Pin=DD8-16
Added Pin To Net: NetName=+3V3 Pin=DD9-12
Added Pin To Net: NetName=+3V3 Pin=DD9-16
Added Pin To Net: NetName=+3V3 Pin=R2-2
Added Pin To Net: NetName=+3V3 Pin=R26-2
Added Pin To Net: NetName=+3V3 Pin=R28-2
Added Pin To Net: NetName=+3V3 Pin=R29-2
Added Pin To Net: NetName=+3V3 Pin=R30-2
Added Pin To Net: NetName=+3V3 Pin=SW3-2
Added Pin To Net: NetName=+3V3 Pin=XS1-2
Added Pin To Net: NetName=+3V3 Pin=XS5-2
Added Pin To Net: NetName=+3V3 Pin=XS6-2
Added Pin To Net: NetName=+3V3 Pin=XS8-2
Added Net: Name=+3V3
Added Pin To Net: NetName=+5 Pin=C6-2
Added Pin To Net: NetName=+5 Pin=DD5-5
Added Pin To Net: NetName=+5 Pin=DD6-5
Added Pin To Net: NetName=+5 Pin=HG3-9
Added Pin To Net: NetName=+5 Pin=HG4-9
Added Pin To Net: NetName=+5 Pin=R1-2
Added Pin To Net: NetName=+5 Pin=R6-2
Added Pin To Net: NetName=+5 Pin=R9-2
Added Pin To Net: NetName=+5 Pin=R13-2
Added Pin To Net: NetName=+5 Pin=R16-2
Added Pin To Net: NetName=+5 Pin=R24-2
Added Pin To Net: NetName=+5 Pin=VD1-1
Added Pin To Net: NetName=+5 Pin=VT2-2
Added Pin To Net: NetName=+5 Pin=VT4-2
Added Pin To Net: NetName=+5 Pin=VT6-2
Added Pin To Net: NetName=+5 Pin=VT8-2
Added Pin To Net: NetName=+5 Pin=VT10-2
Added Pin To Net: NetName=+5 Pin=XS1-1
Added Pin To Net: NetName=+5 Pin=XS5-1
Added Pin To Net: NetName=+5 Pin=XS6-1
Added Pin To Net: NetName=+5 Pin=XS8-1
Added Net: Name=+5
Added Pin To Net: NetName=ADC_IN Pin=DD7-3
Added Pin To Net: NetName=ADC_IN Pin=DD9-15
Added Net: Name=ADC_IN
Added Pin To Net: NetName=BAT_DIV Pin=R20-2
Added Pin To Net: NetName=BAT_DIV Pin=R23-1
Added Pin To Net: NetName=BAT_DIV Pin=XS6-3
Added Net: Name=BAT_DIV
Added Pin To Net: NetName=BAT_IN Pin=DD9-1
Added Pin To Net: NetName=BAT_IN Pin=XS8-3
Added Net: Name=BAT_IN
Added Pin To Net: NetName=BATTERY Pin=C4-2
Added Pin To Net: NetName=BATTERY Pin=DA1-3
Added Pin To Net: NetName=BATTERY Pin=DA3-3
Added Pin To Net: NetName=BATTERY Pin=JP1-2
Added Pin To Net: NetName=BATTERY Pin=R20-1
Added Pin To Net: NetName=BATTERY Pin=VT11-2
Added Net: Name=BATTERY
Added Pin To Net: NetName=Buttons Pin=DD9-2
Added Pin To Net: NetName=Buttons Pin=R26-1
Added Pin To Net: NetName=Buttons Pin=SW1-2
Added Pin To Net: NetName=Buttons Pin=SW2-1
Added Net: Name=Buttons
Added Pin To Net: NetName=BYTE Pin=DD6-4
Added Pin To Net: NetName=BYTE Pin=HG4-12
Added Net: Name=BYTE
Added Pin To Net: NetName=CLK_BUS Pin=DD8-12
Added Pin To Net: NetName=CLK_BUS Pin=DD9-4
Added Net: Name=CLK_BUS
Added Pin To Net: NetName=CLK_PROG Pin=DD8-13
Added Pin To Net: NetName=CLK_PROG Pin=XS7-2
Added Net: Name=CLK_PROG
Added Pin To Net: NetName=CLK Pin=DD1-1
Added Pin To Net: NetName=CLK Pin=R2-1
Added Pin To Net: NetName=CLK Pin=XS1-5
Added Net: Name=CLK
Added Pin To Net: NetName=Col1 Pin=R4-2
Added Pin To Net: NetName=Col1 Pin=VT2-3
Added Pin To Net: NetName=Col1 Pin=XS2-1
Added Net: Name=Col1
Added Pin To Net: NetName=Col2 Pin=R8-2
Added Pin To Net: NetName=Col2 Pin=VT4-3
Added Pin To Net: NetName=Col2 Pin=XS2-2
Added Net: Name=Col2
Added Pin To Net: NetName=Col3 Pin=R11-2
Added Pin To Net: NetName=Col3 Pin=VT6-3
Added Pin To Net: NetName=Col3 Pin=XS2-3
Added Net: Name=Col3
Added Pin To Net: NetName=Col4 Pin=R15-2
Added Pin To Net: NetName=Col4 Pin=VT8-3
Added Pin To Net: NetName=Col4 Pin=XS2-4
Added Net: Name=Col4
Added Pin To Net: NetName=Col5 Pin=R18-2
Added Pin To Net: NetName=Col5 Pin=VT10-3
Added Pin To Net: NetName=Col5 Pin=XS2-5
Added Net: Name=Col5
Added Pin To Net: NetName=D_OUT Pin=DD6-2
Added Pin To Net: NetName=D_OUT Pin=DD8-2
Added Net: Name=D_OUT
Added Pin To Net: NetName=DATA Pin=HG3-12
Added Pin To Net: NetName=DATA Pin=HG4-7
Added Net: Name=DATA
Added Pin To Net: NetName=Gate1 Pin=DD3-2
Added Pin To Net: NetName=Gate1 Pin=VT1-1
Added Net: Name=Gate1
Added Pin To Net: NetName=Gate2 Pin=DD3-4
Added Pin To Net: NetName=Gate2 Pin=VT3-1
Added Net: Name=Gate2
Added Pin To Net: NetName=Gate3 Pin=DD3-7
Added Pin To Net: NetName=Gate3 Pin=VT5-1
Added Net: Name=Gate3
Added Pin To Net: NetName=Gate4 Pin=DD3-10
Added Pin To Net: NetName=Gate4 Pin=VT7-1
Added Net: Name=Gate4
Added Pin To Net: NetName=Gate5 Pin=DD3-1
Added Pin To Net: NetName=Gate5 Pin=R12-2
Added Pin To Net: NetName=Gate5 Pin=VT9-1
Added Net: Name=Gate5
Added Pin To Net: NetName=GATE Pin=DD9-14
Added Pin To Net: NetName=GATE Pin=R21-1
Added Pin To Net: NetName=GATE Pin=XS6-7
Added Pin To Net: NetName=GATE Pin=XS8-7
Added Net: Name=GATE
Added Pin To Net: NetName=GND Pin=C3-1
Added Pin To Net: NetName=GND Pin=C4-1
Added Pin To Net: NetName=GND Pin=C5-1
Added Pin To Net: NetName=GND Pin=C6-1
Added Pin To Net: NetName=GND Pin=C7-2
Added Pin To Net: NetName=GND Pin=DA1-2
Added Pin To Net: NetName=GND Pin=DA2-2
Added Pin To Net: NetName=GND Pin=DA3-1
Added Pin To Net: NetName=GND Pin=DD1-7
Added Pin To Net: NetName=GND Pin=DD2-2
Added Pin To Net: NetName=GND Pin=DD3-8
Added Pin To Net: NetName=GND Pin=DD3-13
Added Pin To Net: NetName=GND Pin=DD4-4
Added Pin To Net: NetName=GND Pin=DD5-3
Added Pin To Net: NetName=GND Pin=DD6-3
Added Pin To Net: NetName=GND Pin=DD7-4
Added Pin To Net: NetName=GND Pin=DD8-6
Added Pin To Net: NetName=GND Pin=DD8-7
Added Pin To Net: NetName=GND Pin=DD8-8
Added Pin To Net: NetName=GND Pin=DD9-6
Added Pin To Net: NetName=GND Pin=DD9-7
Added Pin To Net: NetName=GND Pin=DD9-8
Added Pin To Net: NetName=GND Pin=DD9-13
Added Pin To Net: NetName=GND Pin=G1-2
Added Pin To Net: NetName=GND Pin=HG3-11
Added Pin To Net: NetName=GND Pin=HG4-11
Added Pin To Net: NetName=GND Pin=R4-1
Added Pin To Net: NetName=GND Pin=R8-1
Added Pin To Net: NetName=GND Pin=R11-1
Added Pin To Net: NetName=GND Pin=R15-1
Added Pin To Net: NetName=GND Pin=R18-1
Added Pin To Net: NetName=GND Pin=R23-2
Added Pin To Net: NetName=GND Pin=R25-1
Added Pin To Net: NetName=GND Pin=R27-2
Added Pin To Net: NetName=GND Pin=R31-2
Added Pin To Net: NetName=GND Pin=R32-2
Added Pin To Net: NetName=GND Pin=SW1-1
Added Pin To Net: NetName=GND Pin=VT1-2
Added Pin To Net: NetName=GND Pin=VT3-2
Added Pin To Net: NetName=GND Pin=VT5-2
Added Pin To Net: NetName=GND Pin=VT7-2
Added Pin To Net: NetName=GND Pin=VT9-2
Added Pin To Net: NetName=GND Pin=XS1-4
Added Pin To Net: NetName=GND Pin=XS3-5
Added Pin To Net: NetName=GND Pin=XS5-4
Added Pin To Net: NetName=GND Pin=XS6-5
Added Pin To Net: NetName=GND Pin=XS7-5
Added Pin To Net: NetName=GND Pin=XS8-5
Added Pin To Net: NetName=GND Pin=ZQ1-3
Added Net: Name=GND
Added Pin To Net: NetName=HCLK Pin=DD5-4
Added Pin To Net: NetName=HCLK Pin=HG3-10
Added Pin To Net: NetName=HCLK Pin=HG4-10
Added Net: Name=HCLK
Added Pin To Net: NetName=MISO_PROG Pin=DD8-1
Added Pin To Net: NetName=MISO_PROG Pin=XS7-4
Added Net: Name=MISO_PROG
Added Pin To Net: NetName=MOSI_PROG Pin=DD8-3
Added Pin To Net: NetName=MOSI_PROG Pin=XS7-3
Added Net: Name=MOSI_PROG
Added Pin To Net: NetName=NetC1_2 Pin=C1-2
Added Pin To Net: NetName=NetC1_2 Pin=DD1-2
Added Pin To Net: NetName=NetC1_2 Pin=R5-1
Added Net: Name=NetC1_2
Added Pin To Net: NetName=NetC2_2 Pin=C2-2
Added Pin To Net: NetName=NetC2_2 Pin=DD3-15
Added Pin To Net: NetName=NetC2_2 Pin=R12-1
Added Net: Name=NetC2_2
Added Pin To Net: NetName=NetC3_2 Pin=C3-2
Added Pin To Net: NetName=NetC3_2 Pin=DA2-4
Added Pin To Net: NetName=NetC3_2 Pin=DA2-5
Added Pin To Net: NetName=NetC3_2 Pin=L1-1
Added Pin To Net: NetName=NetC3_2 Pin=VT11-3
Added Net: Name=NetC3_2
Added Pin To Net: NetName=NetC7_1 Pin=C7-1
Added Pin To Net: NetName=NetC7_1 Pin=DD9-11
Added Pin To Net: NetName=NetC7_1 Pin=R32-1
Added Pin To Net: NetName=NetC7_1 Pin=VD2-1
Added Net: Name=NetC7_1
Added Pin To Net: NetName=NetDA1_1 Pin=DA1-1
Added Pin To Net: NetName=NetDA1_1 Pin=R22-2
Added Net: Name=NetDA1_1
Added Pin To Net: NetName=NetDA1_4 Pin=DA1-4
Added Pin To Net: NetName=NetDA1_4 Pin=HL1-2
Added Pin To Net: NetName=NetDA1_4 Pin=R19-1
Added Pin To Net: NetName=NetDA1_4 Pin=XS3-1
Added Net: Name=NetDA1_4
Added Pin To Net: NetName=NetDA1_5 Pin=DA1-5
Added Pin To Net: NetName=NetDA1_5 Pin=R19-2
Added Net: Name=NetDA1_5
Added Pin To Net: NetName=NetDA2_1 Pin=DA2-1
Added Pin To Net: NetName=NetDA2_1 Pin=L1-2
Added Pin To Net: NetName=NetDA2_1 Pin=VD1-2
Added Net: Name=NetDA2_1
Added Pin To Net: NetName=NetDA2_3 Pin=DA2-3
Added Pin To Net: NetName=NetDA2_3 Pin=R24-1
Added Pin To Net: NetName=NetDA2_3 Pin=R25-2
Added Net: Name=NetDA2_3
Added Pin To Net: NetName=NetDD1_4 Pin=DD1-4
Added Pin To Net: NetName=NetDD1_4 Pin=DD2-6
Added Net: Name=NetDD1_4
Added Pin To Net: NetName=NetDD1_5 Pin=DD1-5
Added Pin To Net: NetName=NetDD1_5 Pin=DD2-3
Added Net: Name=NetDD1_5
Added Pin To Net: NetName=NetDD1_6 Pin=DD1-6
Added Pin To Net: NetName=NetDD1_6 Pin=DD2-1
Added Net: Name=NetDD1_6
Added Pin To Net: NetName=NetDD4_1 Pin=DD4-1
Added Pin To Net: NetName=NetDD4_1 Pin=ZQ1-1
Added Net: Name=NetDD4_1
Added Pin To Net: NetName=NetDD4_2 Pin=DD4-2
Added Pin To Net: NetName=NetDD4_2 Pin=ZQ1-2
Added Net: Name=NetDD4_2
Added Pin To Net: NetName=NetDD7_5 Pin=DD7-5
Added Pin To Net: NetName=NetDD7_5 Pin=DD8-4
Added Net: Name=NetDD7_5
Added Pin To Net: NetName=NetDD7_6 Pin=DD7-6
Added Pin To Net: NetName=NetDD7_6 Pin=DD8-15
Added Net: Name=NetDD7_6
Added Pin To Net: NetName=NetDD7_7 Pin=DD7-7
Added Pin To Net: NetName=NetDD7_7 Pin=DD8-14
Added Net: Name=NetDD7_7
Added Pin To Net: NetName=NetDD8_9 Pin=DD8-9
Added Pin To Net: NetName=NetDD8_9 Pin=DD8-10
Added Pin To Net: NetName=NetDD8_9 Pin=DD8-11
Added Pin To Net: NetName=NetDD8_9 Pin=R31-1
Added Pin To Net: NetName=NetDD8_9 Pin=SW3-1
Added Net: Name=NetDD8_9
Added Pin To Net: NetName=NetG1_1 Pin=G1-1
Added Pin To Net: NetName=NetG1_1 Pin=JP1-1
Added Net: Name=NetG1_1
Added Pin To Net: NetName=NetHG1_1 Pin=HG1-1
Added Pin To Net: NetName=NetHG1_1 Pin=HG2-1
Added Pin To Net: NetName=NetHG1_1 Pin=XS4-1
Added Net: Name=NetHG1_1
Added Pin To Net: NetName=NetHG1_2 Pin=HG1-2
Added Pin To Net: NetName=NetHG1_2 Pin=HG2-2
Added Pin To Net: NetName=NetHG1_2 Pin=XS4-2
Added Net: Name=NetHG1_2
Added Pin To Net: NetName=NetHG1_3 Pin=HG1-3
Added Pin To Net: NetName=NetHG1_3 Pin=HG2-3
Added Pin To Net: NetName=NetHG1_3 Pin=XS4-3
Added Net: Name=NetHG1_3
Added Pin To Net: NetName=NetHG1_4 Pin=HG1-4
Added Pin To Net: NetName=NetHG1_4 Pin=HG2-4
Added Pin To Net: NetName=NetHG1_4 Pin=XS4-4
Added Net: Name=NetHG1_4
Added Pin To Net: NetName=NetHG1_5 Pin=HG1-5
Added Pin To Net: NetName=NetHG1_5 Pin=HG2-5
Added Pin To Net: NetName=NetHG1_5 Pin=XS4-5
Added Net: Name=NetHG1_5
Added Pin To Net: NetName=NetHL1_1 Pin=HL1-1
Added Pin To Net: NetName=NetHL1_1 Pin=R22-1
Added Net: Name=NetHL1_1
Added Pin To Net: NetName=NetR1_1 Pin=R1-1
Added Pin To Net: NetName=NetR1_1 Pin=R3-1
Added Pin To Net: NetName=NetR1_1 Pin=VT1-3
Added Net: Name=NetR1_1
Added Pin To Net: NetName=NetR3_2 Pin=R3-2
Added Pin To Net: NetName=NetR3_2 Pin=VT2-1
Added Net: Name=NetR3_2
Added Pin To Net: NetName=NetR6_1 Pin=R6-1
Added Pin To Net: NetName=NetR6_1 Pin=R7-1
Added Pin To Net: NetName=NetR6_1 Pin=VT3-3
Added Net: Name=NetR6_1
Added Pin To Net: NetName=NetR7_2 Pin=R7-2
Added Pin To Net: NetName=NetR7_2 Pin=VT4-1
Added Net: Name=NetR7_2
Added Pin To Net: NetName=NetR9_1 Pin=R9-1
Added Pin To Net: NetName=NetR9_1 Pin=R10-1
Added Pin To Net: NetName=NetR9_1 Pin=VT5-3
Added Net: Name=NetR9_1
Added Pin To Net: NetName=NetR10_2 Pin=R10-2
Added Pin To Net: NetName=NetR10_2 Pin=VT6-1
Added Net: Name=NetR10_2
Added Pin To Net: NetName=NetR13_1 Pin=R13-1
Added Pin To Net: NetName=NetR13_1 Pin=R14-1
Added Pin To Net: NetName=NetR13_1 Pin=VT7-3
Added Net: Name=NetR13_1
Added Pin To Net: NetName=NetR14_2 Pin=R14-2
Added Pin To Net: NetName=NetR14_2 Pin=VT8-1
Added Net: Name=NetR14_2
Added Pin To Net: NetName=NetR16_1 Pin=R16-1
Added Pin To Net: NetName=NetR16_1 Pin=R17-1
Added Pin To Net: NetName=NetR16_1 Pin=VT9-3
Added Net: Name=NetR16_1
Added Pin To Net: NetName=NetR17_2 Pin=R17-2
Added Pin To Net: NetName=NetR17_2 Pin=VT10-1
Added Net: Name=NetR17_2
Added Pin To Net: NetName=NetR21_2 Pin=R21-2
Added Pin To Net: NetName=NetR21_2 Pin=VT11-1
Added Net: Name=NetR21_2
Added Pin To Net: NetName=NetR27_1 Pin=R27-1
Added Pin To Net: NetName=NetR27_1 Pin=SW2-2
Added Net: Name=NetR27_1
Added Pin To Net: NetName=NetXS5_3 Pin=XS5-3
Added Pin To Net: NetName=NetXS5_3 Pin=XS6-4
Added Net: Name=NetXS5_3
Added Pin To Net: NetName=NetXS5_5 Pin=XS5-5
Added Pin To Net: NetName=NetXS5_5 Pin=XS6-6
Added Net: Name=NetXS5_5
Added Pin To Net: NetName=PWM Pin=DD2-4
Added Pin To Net: NetName=PWM Pin=DD3-14
Added Pin To Net: NetName=PWM Pin=HG3-8
Added Pin To Net: NetName=PWM Pin=HG4-8
Added Pin To Net: NetName=PWM Pin=R5-2
Added Pin To Net: NetName=PWM Pin=XS1-3
Added Pin To Net: NetName=PWM Pin=XS8-4
Added Net: Name=PWM
Added Pin To Net: NetName=RESET Pin=DD7-1
Added Pin To Net: NetName=RESET Pin=R30-1
Added Pin To Net: NetName=RESET Pin=XS7-1
Added Net: Name=RESET
Added Pin To Net: NetName=SCLK Pin=DD5-2
Added Pin To Net: NetName=SCLK Pin=DD9-3
Added Pin To Net: NetName=SCLK Pin=XS8-6
Added Pin To Net: NetName=SCLK Pin=XS9-1
Added Net: Name=SCLK
Added Pin To Net: NetName=SCL Pin=DD4-6
Added Pin To Net: NetName=SCL Pin=DD9-5
Added Pin To Net: NetName=SCL Pin=R28-1
Added Net: Name=SCL
Added Pin To Net: NetName=SDA Pin=DD4-5
Added Pin To Net: NetName=SDA Pin=DD8-5
Added Pin To Net: NetName=SDA Pin=R29-1
Added Net: Name=SDA
Added Pin To Net: NetName=SWITCH Pin=DD7-2
Added Pin To Net: NetName=SWITCH Pin=DD9-9
Added Pin To Net: NetName=SWITCH Pin=DD9-10
Added Pin To Net: NetName=SWITCH Pin=VD2-2
Added Net: Name=SWITCH
Added Class: Name=Control_core
Added Class: Name=Display_driver
Added Class: Name=Supply_core
Added Room: Name=Control_core
Added Room: Name=Display_driver
Added Room: Name=Supply_core
