Removed Pin From Net: NetName=GND Pin=C3-1
Removed Pin From Net: NetName=GND Pin=C4-1
Removed Pin From Net: NetName=GND Pin=C5-1
Removed Pin From Net: NetName=+3V3 Pin=C5-2
Removed Pin From Net: NetName=GND Pin=C6-1
Removed Pin From Net: NetName=+5 Pin=C6-2
Removed Pin From Net: NetName=GND Pin=DA1-2
Removed Pin From Net: NetName=GND Pin=DA2-2
Removed Pin From Net: NetName=GND Pin=DA3-1
Removed Pin From Net: NetName=+3V3 Pin=DA3-2
Removed Pin From Net: NetName=GND Pin=G1-2
Removed Pin From Net: NetName=GND Pin=R23-2
Removed Pin From Net: NetName=+5 Pin=R24-2
Removed Pin From Net: NetName=GND Pin=R25-1
Removed Pin From Net: NetName=+5 Pin=VD1-1
Removed Pin From Net: NetName=GND Pin=XS3-5
Removed Pin From Net: NetName=+5 Pin=XS5-1
Removed Pin From Net: NetName=+3V3 Pin=XS5-2
Removed Pin From Net: NetName=GND Pin=XS5-4
Removed Pin From Net: NetName=+5 Pin=XS6-1
Removed Pin From Net: NetName=+3V3 Pin=XS6-2
Removed Pin From Net: NetName=GND Pin=XS6-5
Change component parameters: Designator = "XS5" ("XS5"); Footprint = "SOCKET"; UniqueID = "\REOLQBOV" ("\REOLQBOV")
Change component parameters (AddParameter): Name = "Pin1"; Value = "5V"; VariantName = "[No Variations]"
Change component parameters (AddParameter): Name = "Pin2"; Value = "PWM"; VariantName = "[No Variations]"
Change component parameters (AddParameter): Name = "Pin3"; Value = "GND"; VariantName = "[No Variations]"
Change component parameters (AddParameter): Name = "Pin4"; Value = "CLK"; VariantName = "[No Variations]"
Change component parameters (AddParameter): Name = "Pin5"; Value = "3V3"; VariantName = "[No Variations]"
Added Pin To Net: NetName=+3V3_S Pin=C5-2
Added Pin To Net: NetName=+3V3_S Pin=DA3-2
Added Pin To Net: NetName=+3V3_S Pin=XS5-5
Added Pin To Net: NetName=+3V3_S Pin=XS6-2
Added Net: Name=+3V3_S
Added Pin To Net: NetName=+5_S Pin=C6-2
Added Pin To Net: NetName=+5_S Pin=R24-2
Added Pin To Net: NetName=+5_S Pin=VD1-1
Added Pin To Net: NetName=+5_S Pin=XS5-1
Added Pin To Net: NetName=+5_S Pin=XS6-1
Added Net: Name=+5_S
Added Pin To Net: NetName=GND_S Pin=C3-1
Added Pin To Net: NetName=GND_S Pin=C4-1
Added Pin To Net: NetName=GND_S Pin=C5-1
Added Pin To Net: NetName=GND_S Pin=C6-1
Added Pin To Net: NetName=GND_S Pin=DA1-2
Added Pin To Net: NetName=GND_S Pin=DA2-2
Added Pin To Net: NetName=GND_S Pin=DA3-1
Added Pin To Net: NetName=GND_S Pin=G1-2
Added Pin To Net: NetName=GND_S Pin=R23-2
Added Pin To Net: NetName=GND_S Pin=R25-1
Added Pin To Net: NetName=GND_S Pin=XS3-5
Added Pin To Net: NetName=GND_S Pin=XS5-3
Added Pin To Net: NetName=GND_S Pin=XS6-5
Added Net: Name=GND_S
Added Pin To Net: NetName=NetXS5_2 Pin=XS5-2
Added Pin To Net: NetName=NetXS5_2 Pin=XS6-4
Added Net: Name=NetXS5_2
Added Pin To Net: NetName=NetXS5_4 Pin=XS5-4
Added Pin To Net: NetName=NetXS5_4 Pin=XS6-6
Added Net: Name=NetXS5_4
Added Room: Name=Display_driver
Added Room: Name=Supply_core
